<?xml version="1.0" encoding="UTF-8"?>
<!-- Generated by org.testng.reporters.JUnitReportReporter -->
<testsuite skipped="0" hostname="MOMIN" name="com.restAssured.RestApi_Serialize_Requests" tests="2" failures="0" timestamp="19 Mar 2020 10:02:41 GMT" time="7.876" errors="0">
  <testcase name="createSerialzeTitle" time="7.721" classname="com.restAssured.RestApi_Serialize_Requests"/>
  <testcase name="getDeserializeTitle" time="0.155" classname="com.restAssured.RestApi_Serialize_Requests"/>
</testsuite> <!-- com.restAssured.RestApi_Serialize_Requests -->
