<?xml version="1.0" encoding="UTF-8"?>
<!-- Generated by org.testng.reporters.JUnitReportReporter -->
<testsuite skipped="0" hostname="MOMIN" name="com.restAssured.RestApi_Auth_Requests" tests="3" failures="0" timestamp="20 Mar 2020 01:07:17 GMT" time="4.968" errors="0">
  <testcase name="getCustomerDetails" time="3.532" classname="com.restAssured.RestApi_Auth_Requests"/>
  <testcase name="getMapLongitudeDetails" time="1.024" classname="com.restAssured.RestApi_Auth_Requests"/>
  <testcase name="getPublicUsers" time="0.412" classname="com.restAssured.RestApi_Auth_Requests"/>
</testsuite> <!-- com.restAssured.RestApi_Auth_Requests -->
