<?xml version="1.0" encoding="UTF-8"?>
<!-- Generated by org.testng.reporters.JUnitReportReporter -->
<testsuite skipped="0" hostname="MOMIN" name="com.restAssured.RestApi_Requests1" tests="11" failures="1" timestamp="31 Mar 2020 11:40:59 GMT" time="17.046" errors="0">
  <testcase name="getAllTitlesList" time="3.972" classname="com.restAssured.RestApi_Requests1"/>
  <testcase name="getTitle" time="1.995" classname="com.restAssured.RestApi_Requests1"/>
  <testcase name="createTitle" time="2.084" classname="com.restAssured.RestApi_Requests1"/>
  <testcase name="getTitleById" time="2.547" classname="com.restAssured.RestApi_Requests1"/>
  <testcase name="updateTitle" time="2.285" classname="com.restAssured.RestApi_Requests1"/>
  <testcase name="getQueryTitles" time="2.522" classname="com.restAssured.RestApi_Requests1"/>
  <testcase name="getPathTitles" time="0.707" classname="com.restAssured.RestApi_Requests1">
    <failure type="java.lang.AssertionError" message="expected [404] but found [200]">
      <![CDATA[java.lang.AssertionError: expected [404] but found [200]
at org.testng.Assert.fail(Assert.java:96)
at org.testng.Assert.failNotEquals(Assert.java:776)
at org.testng.Assert.assertEqualsImpl(Assert.java:137)
at org.testng.Assert.assertEquals(Assert.java:118)
at org.testng.Assert.assertEquals(Assert.java:652)
at org.testng.Assert.assertEquals(Assert.java:662)
at com.restAssured.RestApi_Requests1.getPathTitles(RestApi_Requests1.java:192)
at sun.reflect.NativeMethodAccessorImpl.invoke0(Native Method)
at sun.reflect.NativeMethodAccessorImpl.invoke(Unknown Source)
at sun.reflect.DelegatingMethodAccessorImpl.invoke(Unknown Source)
at java.lang.reflect.Method.invoke(Unknown Source)
at org.testng.internal.MethodInvocationHelper.invokeMethod(MethodInvocationHelper.java:124)
at org.testng.internal.Invoker.invokeMethod(Invoker.java:583)
at org.testng.internal.Invoker.invokeTestMethod(Invoker.java:719)
at org.testng.internal.Invoker.invokeTestMethods(Invoker.java:989)
at org.testng.internal.TestMethodWorker.invokeTestMethods(TestMethodWorker.java:125)
at org.testng.internal.TestMethodWorker.run(TestMethodWorker.java:109)
at org.testng.TestRunner.privateRun(TestRunner.java:648)
at org.testng.TestRunner.run(TestRunner.java:505)
at org.testng.SuiteRunner.runTest(SuiteRunner.java:455)
at org.testng.SuiteRunner.runSequentially(SuiteRunner.java:450)
at org.testng.SuiteRunner.privateRun(SuiteRunner.java:415)
at org.testng.SuiteRunner.run(SuiteRunner.java:364)
at org.testng.SuiteRunnerWorker.runSuite(SuiteRunnerWorker.java:52)
at org.testng.SuiteRunnerWorker.run(SuiteRunnerWorker.java:84)
at org.testng.TestNG.runSuitesSequentially(TestNG.java:1208)
at org.testng.TestNG.runSuitesLocally(TestNG.java:1137)
at org.testng.TestNG.runSuites(TestNG.java:1049)
at org.testng.TestNG.run(TestNG.java:1017)
at org.testng.remote.AbstractRemoteTestNG.run(AbstractRemoteTestNG.java:115)
at org.testng.remote.RemoteTestNG.initAndRun(RemoteTestNG.java:251)
at org.testng.remote.RemoteTestNG.main(RemoteTestNG.java:77)
]]>
    </failure>
  </testcase> <!-- getPathTitles -->
  <testcase name="getPathComments" time="0.064" classname="com.restAssured.RestApi_Requests1"/>
  <testcase name="getQueryComments" time="0.723" classname="com.restAssured.RestApi_Requests1"/>
  <testcase name="getCommentsFromResponse" time="0.076" classname="com.restAssured.RestApi_Requests1"/>
  <testcase name="getCommentsLists" time="0.071" classname="com.restAssured.RestApi_Requests1"/>
</testsuite> <!-- com.restAssured.RestApi_Requests1 -->
